[38;5;112m[Appium][0m Welcome to Appium v2.12.1
[38;5;112m[Appium][0m Non-default server args:
[38;5;112m[Appium][0m { basePath: [32m'/wd/hub'[39m, loglevel: [32m'info'[39m, port: [33m54628[39m }
[38;5;112m[Appium][0m Attempting to load driver uiautomator2...
[38;5;112m[Appium][0m Appium REST http interface listener started on http://0.0.0.0:54628/wd/hub
[38;5;112m[Appium][0m You can provide the following URLs in your client code to connect to this server:
	http://10.33.197.124:54628/wd/hub
	http://172.24.0.1:54628/wd/hub
	http://192.168.100.12:54628/wd/hub
	http://127.0.0.1:54628/wd/hub (only accessible from the same host)
	http://172.29.224.1:54628/wd/hub
[38;5;112m[Appium][0m Available drivers:
[38;5;112m[Appium][0m   - uiautomator2@3.8.0 (automationName 'UiAutomator2')
[38;5;112m[Appium][0m No plugins have been installed. Use the "appium plugin" command to install the one(s) you want to use.
[38;5;86m[HTTP][0m [37m-->[39m [37mGET[39m [37m/wd/hub/status[39m [90m{}[39m
[38;5;86m[HTTP][0m [37m<-- GET /wd/hub/status [39m[32m200[39m [90m5 ms - 111[39m [90m[39m
[38;5;86m[HTTP][0m [37m-->[39m [37mGET[39m [37m/wd/hub/status[39m [90m{}[39m
[38;5;86m[HTTP][0m [37m<-- GET /wd/hub/status [39m[32m200[39m [90m1 ms - 111[39m [90m[39m
[38;5;86m[HTTP][0m [37m-->[39m [37mPOST[39m [37m/wd/hub/session[39m [90m{"desiredCapabilities":{"appium:systemPort":8296,"appium:udid":"RRCRB027FXB","appium:autoGrantPermissions":true,"appium:newCommandTimeout":1800,"appium:platformName":"ANDROID","appium:appActivity":".Settings","appium:deviceName":"samsung SM-G991B (Android 14)","platformName":"Android","appium:automationName":"uiautomator2","appium:platformVersion":"14","appium:appPackage":"com.android.settings"},"capabilities":{"firstMatch":[{"appium:appActivity":".Settings","appium:appPackage":"com.android.settings","appium:autoGrantPermissions":true,"appium:automationName":"uiautomator2","appium:deviceName":"samsung SM-G991B (Android 14)","appium:newCommandTimeout":1800,"appium:platformName":"ANDROID","appium:platformVersion":"14","appium:systemPort":8296,"appium:udid":"RRCRB027FXB","platformName":"android"}]}}[39m
[38;5;123m[BaseDriver][0m Ignoring capability 'appium:platformName=ANDROID' and using capability 'platformName=android'
[38;5;123m[BaseDriver][0m The capabilities ["platformName"] are standard capabilities and do not require "appium:" prefix
[38;5;112m[Appium][0m Attempting to find matching driver for automationName 'uiautomator2' and platformName 'android'
[38;5;112m[Appium][0m The 'uiautomator2' driver was installed and matched caps.
[38;5;112m[Appium][0m Will require it at C:\Users\u071837\.appium\node_modules\appium-uiautomator2-driver
[38;5;25m[AppiumDriver@da91][0m Appium v2.12.1 creating new AndroidUiautomator2Driver (v3.8.0) session
[38;5;25m[AppiumDriver@da91][0m Checking BaseDriver versions for Appium and AndroidUiautomator2Driver
[38;5;25m[AppiumDriver@da91][0m Appium's BaseDriver version is 9.12.1
[38;5;25m[AppiumDriver@da91][0m AndroidUiautomator2Driver's BaseDriver version is 9.12.1
[38;5;163m[a092bd1d][0m[38;5;-138m[AndroidUiautomator2Driver@615c][0m Session created with session id: a092bd1d-7e15-4161-ba4e-299d8dac99e5
[38;5;163m[a092bd1d][0m[38;5;229m[ADB][0m Found 2 'build-tools' folders under 'C:\Users\u071837\.katalon\tools\android_sdk' (newest first):
[38;5;163m[a092bd1d][0m[38;5;229m[ADB][0m     C:\Users\u071837\.katalon\tools\android_sdk\build-tools\35.0.0
[38;5;163m[a092bd1d][0m[38;5;229m[ADB][0m     C:\Users\u071837\.katalon\tools\android_sdk\build-tools\34.0.0
[38;5;163m[a092bd1d][0m[38;5;229m[ADB][0m Using 'adb.exe' from 'C:\Users\u071837\.katalon\tools\android_sdk\platform-tools\adb.exe'
[38;5;163m[a092bd1d][0m[38;5;-138m[AndroidUiautomator2Driver@615c][0m Retrieving device list
[38;5;163m[a092bd1d][0m[38;5;-138m[AndroidUiautomator2Driver@615c][0m Using device: RRCRB027FXB
[38;5;163m[a092bd1d][0m[38;5;229m[ADB][0m Using 'adb.exe' from 'C:\Users\u071837\.katalon\tools\android_sdk\platform-tools\adb.exe'
[38;5;163m[a092bd1d][0m[38;5;-138m[AndroidUiautomator2Driver@615c][0m Starting 'com.android.settings' directly on the device
[38;5;163m[a092bd1d][0m[38;5;229m[ADB][0m Getting device platform version
[38;5;163m[a092bd1d][0m[38;5;-138m[AndroidUiautomator2Driver@615c][0m Relaxing hidden api policy
[38;5;163m[a092bd1d][0m[38;5;-138m[AndroidUiautomator2Driver@615c][0m No app sent in, not parsing package/activity
[38;5;163m[a092bd1d][0m[38;5;229m[ADB][0m Using 'aapt2.exe' from 'C:\Users\u071837\.katalon\tools\android_sdk\build-tools\35.0.0\aapt2.exe'
[38;5;163m[a092bd1d][0m[38;5;-138m[AndroidUiautomator2Driver@615c][0m Server packages are not going to be (re)installed
[38;5;163m[a092bd1d][0m[38;5;229m[ADB][0m Adding packages ["io.appium.settings","io.appium.uiautomator2.server","io.appium.uiautomator2.server.test"] to Doze whitelist
[38;5;163m[a092bd1d][0m[38;5;-138m[AndroidUiautomator2Driver@615c][0m Starting UIAutomator2 server 7.0.25
[38;5;163m[a092bd1d][0m[38;5;-138m[AndroidUiautomator2Driver@615c][0m Using UIAutomator2 server from 'C:\Users\u071837\.appium\node_modules\appium-uiautomator2-driver\node_modules\appium-uiautomator2-server\apks\appium-uiautomator2-server-v7.0.25.apk' and test from 'C:\Users\u071837\.appium\node_modules\appium-uiautomator2-driver\node_modules\appium-uiautomator2-server\apks\appium-uiautomator2-server-debug-androidTest.apk'
[38;5;163m[a092bd1d][0m[38;5;-138m[AndroidUiautomator2Driver@615c][0m Waiting up to 30000ms for UiAutomator2 to be online...
[38;5;163m[a092bd1d][0m[38;5;-138m[AndroidUiautomator2Driver@615c][0m socket hang up
[38;5;163m[a092bd1d][0m[38;5;-138m[AndroidUiautomator2Driver@615c][0m socket hang up
[38;5;163m[a092bd1d][0m[38;5;-138m[AndroidUiautomator2Driver@615c][0m socket hang up
[38;5;163m[a092bd1d][0m[38;5;-138m[AndroidUiautomator2Driver@615c][0m Determined the downstream protocol as 'W3C'
[38;5;163m[a092bd1d][0m[38;5;-138m[AndroidUiautomator2Driver@615c][0m Screen already unlocked, doing nothing
[38;5;163m[a092bd1d][0m[38;5;-138m[AndroidUiautomator2Driver@615c][0m Starting 'com.android.settings/.Settings and waiting for 'com.android.settings/.Settings'
[38;5;163m[a092bd1d][0m[38;5;25m[AppiumDriver@da91][0m New AndroidUiautomator2Driver session created successfully, session a092bd1d-7e15-4161-ba4e-299d8dac99e5 added to master session list
[38;5;163m[a092bd1d][0m[38;5;86m[HTTP][0m [37m<-- POST /wd/hub/session [39m[32m200[39m [90m8213 ms - 1083[39m [90m[39m
[38;5;163m[a092bd1d][0m[38;5;86m[HTTP][0m [37m-->[39m [37mGET[39m [37m/wd/hub/session/a092bd1d-7e15-4161-ba4e-299d8dac99e5[39m [90m{}[39m
[38;5;163m[a092bd1d][0m[38;5;86m[HTTP][0m [37m<-- GET /wd/hub/session/a092bd1d-7e15-4161-ba4e-299d8dac99e5 [39m[32m200[39m [90m46 ms - 312[39m [90m[39m
[38;5;163m[a092bd1d][0m[38;5;86m[HTTP][0m [37m-->[39m [37mGET[39m [37m/wd/hub/session/a092bd1d-7e15-4161-ba4e-299d8dac99e5[39m [90m{}[39m
[38;5;163m[a092bd1d][0m[38;5;86m[HTTP][0m [37m<-- GET /wd/hub/session/a092bd1d-7e15-4161-ba4e-299d8dac99e5 [39m[32m200[39m [90m12 ms - 312[39m [90m[39m
[38;5;86m[HTTP][0m [37m-->[39m [37mGET[39m [37m/wd/hub/status[39m [90m{}[39m
[38;5;86m[HTTP][0m [37m<-- GET /wd/hub/status [39m[32m200[39m [90m1 ms - 111[39m [90m[39m
[38;5;163m[a092bd1d][0m[38;5;86m[HTTP][0m [37m-->[39m [37mPOST[39m [37m/wd/hub/session/a092bd1d-7e15-4161-ba4e-299d8dac99e5/timeouts[39m [90m{"implicit":60000}[39m
[38;5;163m[a092bd1d][0m[38;5;86m[HTTP][0m [37m<-- POST /wd/hub/session/a092bd1d-7e15-4161-ba4e-299d8dac99e5/timeouts [39m[32m200[39m [90m2 ms - 14[39m [90m[39m
[38;5;163m[a092bd1d][0m[38;5;86m[HTTP][0m [37m-->[39m [37mGET[39m [37m/wd/hub/session/a092bd1d-7e15-4161-ba4e-299d8dac99e5/appium/device/system_bars[39m [90m{}[39m
[38;5;163m[a092bd1d][0m[38;5;86m[HTTP][0m [37m<-- GET /wd/hub/session/a092bd1d-7e15-4161-ba4e-299d8dac99e5/appium/device/system_bars [39m[32m200[39m [90m164 ms - 151[39m [90m[39m
[38;5;163m[a092bd1d][0m[38;5;86m[HTTP][0m [37m-->[39m [37mPOST[39m [37m/wd/hub/session/a092bd1d-7e15-4161-ba4e-299d8dac99e5/appium/device/activate_app[39m [90m{"bundleId":"com.solodroid.solomerce"}[39m
[38;5;163m[a092bd1d][0m[38;5;86m[HTTP][0m [37m<-- POST /wd/hub/session/a092bd1d-7e15-4161-ba4e-299d8dac99e5/appium/device/activate_app [39m[32m200[39m [90m227 ms - 14[39m [90m[39m
[38;5;163m[a092bd1d][0m[38;5;86m[HTTP][0m [37m-->[39m [37mGET[39m [37m/wd/hub/session/a092bd1d-7e15-4161-ba4e-299d8dac99e5/source[39m [90m{}[39m
[38;5;163m[a092bd1d][0m[38;5;-138m[AndroidUiautomator2Driver@615c][0m Driver proxy active, passing request on via HTTP proxy
[38;5;163m[a092bd1d][0m[38;5;-138m[AndroidUiautomator2Driver@615c][0m Replacing sessionId 69fd6232-5319-4523-8300-e40579ed698e with a092bd1d-7e15-4161-ba4e-299d8dac99e5
[38;5;163m[a092bd1d][0m[38;5;86m[HTTP][0m [37m<-- GET /wd/hub/session/a092bd1d-7e15-4161-ba4e-299d8dac99e5/source [39m[32m200[39m [90m1204 ms - 21917[39m [90m[39m
[38;5;163m[a092bd1d][0m[38;5;86m[HTTP][0m [37m-->[39m [37mGET[39m [37m/wd/hub/session/a092bd1d-7e15-4161-ba4e-299d8dac99e5/screenshot[39m [90m{}[39m
[38;5;163m[a092bd1d][0m[38;5;86m[HTTP][0m [37m<-- GET /wd/hub/session/a092bd1d-7e15-4161-ba4e-299d8dac99e5/screenshot [39m[32m200[39m [90m341 ms - 214528[39m [90m[39m
[38;[38;5;116m[103d63e4][0m[38;5;86m[HTTP][0m [37m-->[39m [37mDELETE[39m [37m/wd/hub/session/103d63e4-edde-40a6-bfe8-58c0afccee8a[39m [90m{}[39m
[38;5;116m[103d63e4][0m[38;5;204m[AppiumDriver@27cd][0m Removing session 103d63e4-edde-40a6-bfe8-58c0afccee8a from our master session list
[38;5;116m[103d63e4][0m[38;5;-108m[AndroidUiautomator2Driver@ce5f][0m Did not get confirmation UiAutomator2 deleteSession worked; Error was: UnknownError: An unknown server-side error occurred while processing the command. Original error: 'DELETE /' cannot be proxied to UiAutomator2 server because the instrumentation process is not running (probably crashed). Check the server log and/or the logcat output for more details
[38;5;116m[103d63e4][0m[38;5;-108m[AndroidUiautomator2Driver@ce5f][0m Restoring hidden api policy to the device default configuration
[38;5;116m[103d63e4][0m[38;5;86m[HTTP][0m [37m<-- DELETE /wd/hub/session/103d63e4-edde-40a6-bfe8-58c0afccee8a [39m[32m200[39m [90m619 ms - 14[39m [90m[39m
